<?xml version="1.0" encoding="UTF-8"?>
<!-- Generated by org.testng.reporters.JUnitReportReporter -->
<testsuite hostname="BINTERNS-QA38L" failures="0" tests="3" name="Google_Test.Test_1" time="14.074" errors="0" timestamp="2023-04-20T11:36:59 IST" skipped="0">
  <testcase classname="Google_Test.Test_1" name="Functionality" time="5.308"/>
  <system-out/>
  <testcase classname="Google_Test.Test_1" name="Create_Account" time="6.602"/>
  <system-out/>
  <testcase classname="Google_Test.Test_1" name="verification" time="2.164"/>
  <system-out/>
</testsuite> <!-- Google_Test.Test_1 -->
