<?xml version="1.0" encoding="UTF-8"?>
<!-- Generated by org.testng.reporters.JUnitReportReporter -->
<testsuite hostname="BINTERNS-QA38L" failures="0" tests="1" name="Bebonet.Project_Training.Demo" time="7.655" errors="0" timestamp="2023-05-30T12:30:13 IST" skipped="0">
  <testcase classname="Bebonet.Project_Training.Demo" name="f" time="7.655"/>
  <system-out/>
</testsuite> <!-- Bebonet.Project_Training.Demo -->
