<?xml version="1.0" encoding="UTF-8"?>
<!-- Generated by org.testng.reporters.JUnitReportReporter -->
<testsuite hostname="BINTERNS-QA38L" failures="0" tests="12" name="Amazon_Test.HomePage_Test2" time="24.681" errors="0" timestamp="2023-04-27T10:59:52 IST" skipped="0">
  <testcase classname="Amazon_Test.HomePage_Test2" name="Functionality" time="0.159"/>
  <system-out/>
  <testcase classname="Amazon_Test.HomePage_Test2" name="Search_button" time="1.849"/>
  <system-out/>
  <testcase classname="Amazon_Test.HomePage_Test2" name="Product" time="1.171"/>
  <system-out/>
  <testcase classname="Amazon_Test.HomePage_Test2" name="Product_tab" time="4.546"/>
  <system-out/>
  <testcase classname="Amazon_Test.HomePage_Test2" name="Product_colour" time="0.267"/>
  <system-out/>
  <testcase classname="Amazon_Test.HomePage_Test2" name="Product_size" time="2.623"/>
  <system-out/>
  <testcase classname="Amazon_Test.HomePage_Test2" name="Product_spec" time="0.549"/>
  <system-out/>
  <testcase classname="Amazon_Test.HomePage_Test2" name="Add_Cart" time="4.123"/>
  <system-out/>
  <testcase classname="Amazon_Test.HomePage_Test2" name="Cart" time="5.218"/>
  <system-out/>
  <testcase classname="Amazon_Test.HomePage_Test2" name="Quantity" time="4.108"/>
  <system-out/>
  <testcase classname="Amazon_Test.HomePage_Test2" name="Total_item" time="0.035"/>
  <system-out/>
  <testcase classname="Amazon_Test.HomePage_Test2" name="Total_price" time="0.033"/>
  <system-out/>
</testsuite> <!-- Amazon_Test.HomePage_Test2 -->
